<?xml version="1.0" encoding="UTF-8"?>
<!-- Generated by org.testng.reporters.JUnitXMLReporter -->
<testsuite ignored="0" hostname="PIL-L-L-21-032" failures="0" tests="15" name="Add Project List Test Cases" time="311.019" errors="0" timestamp="2021-07-22T16:46:10 IST">
  <testcase classname="testCases.Project_List" name="ProblemBankMenu" time="0.493"/>
  <testcase classname="testCases.Project_List" name="AddGIProject" time="14.827"/>
  <testcase classname="testCases.Project_List" name="AddDisciplineProject" time="28.968"/>
  <testcase classname="testCases.Project_List" name="AddSkillSet" time="18.75"/>
  <testcase classname="testCases.Project_List" name="AddElective" time="12.889"/>
  <testcase classname="testCases.Project_List" name="AddFacility" time="50.779"/>
  <testcase classname="testCases.Project_List" name="DeletePB" time="19.059"/>
  <testcase classname="testCases.Project_List" name="EditPB" time="6.247"/>
  <testcase classname="testCases.Project_List" name="EditGIProject" time="23.063"/>
  <testcase classname="testCases.Project_List" name="EditDisciplineProject" time="22.924"/>
  <testcase classname="testCases.Project_List" name="EditSkillSet" time="18.864"/>
  <testcase classname="testCases.Project_List" name="EditElective" time="10.799"/>
  <testcase classname="testCases.Project_List" name="EditFacility" time="57.707"/>
  <testcase classname="testCases.Project_List" name="GoBackPBList" time="0.053"/>
  <testcase classname="testCases.Project_List" name="DeletePBank" time="25.574"/>
</testsuite> <!-- Add Project List Test Cases -->
