<?xml version="1.0" encoding="UTF-8"?>
<!-- Generated by org.testng.reporters.JUnitXMLReporter -->
<testsuite ignored="0" hostname="PIL-L-L-21-032" failures="0" tests="9" name="Allotment Role Student Semester Allotment List Test Cases" time="90.114" errors="0" timestamp="2021-07-22T17:12:36 IST">
  <testcase classname="testCases.StudentSem_Allot_List" name="SSemAllotMenu" time="4.693"/>
  <testcase classname="testCases.StudentSem_Allot_List" name="Verifysort" time="5.563"/>
  <testcase classname="testCases.StudentSem_Allot_List" name="VerifyInvalidSearch" time="6.494"/>
  <testcase classname="testCases.StudentSem_Allot_List" name="VerifyValidSearchStudent" time="17.403"/>
  <testcase classname="testCases.StudentSem_Allot_List" name="VerifyValidSearchCampusID" time="17.6"/>
  <testcase classname="testCases.StudentSem_Allot_List" name="checkSemI" time="6.576"/>
  <testcase classname="testCases.StudentSem_Allot_List" name="checkSemII" time="5.213"/>
  <testcase classname="testCases.StudentSem_Allot_List" name="checkbothSem" time="7.489"/>
  <testcase classname="testCases.StudentSem_Allot_List" name="CheckUpdate" time="19.068"/>
</testsuite> <!-- Allotment Role Student Semester Allotment List Test Cases -->
