<?xml version="1.0" encoding="UTF-8"?>
<!-- Generated by org.testng.reporters.JUnitXMLReporter -->
<testsuite ignored="0" hostname="PIL-L-L-21-032" failures="0" tests="10" name="Allotment Role Suggest Station Detail Test Cases" time="164.553" errors="0" timestamp="2021-07-22T17:09:05 IST">
  <testcase classname="testCases.AllotSuggest_Station_Detail" name="StationMenu" time="2.781"/>
  <testcase classname="testCases.AllotSuggest_Station_Detail" name="AddStation" time="2.404"/>
  <testcase classname="testCases.AllotSuggest_Station_Detail" name="AddValidation" time="12.699"/>
  <testcase classname="testCases.AllotSuggest_Station_Detail" name="VerifyExpand" time="4.394"/>
  <testcase classname="testCases.AllotSuggest_Station_Detail" name="VerifyAddStation" time="44.489"/>
  <testcase classname="testCases.AllotSuggest_Station_Detail" name="VerifyAddedStation" time="10.809"/>
  <testcase classname="testCases.AllotSuggest_Station_Detail" name="OpenEditStation" time="57.085"/>
  <testcase classname="testCases.AllotSuggest_Station_Detail" name="VerifyEditStationList" time="8.651"/>
  <testcase classname="testCases.AllotSuggest_Station_Detail" name="ClickDelete" time="14.638"/>
  <testcase classname="testCases.AllotSuggest_Station_Detail" name="VerifyDelete" time="6.578"/>
</testsuite> <!-- Allotment Role Suggest Station Detail Test Cases -->
