<?xml version="1.0" encoding="UTF-8"?>
<!-- Generated by org.testng.reporters.JUnitXMLReporter -->
<testsuite ignored="0" hostname="PIL-L-L-21-032" failures="0" tests="11" name="Allotment Role All Allotment Student List Test Cases" time="121.123" errors="0" timestamp="2021-07-22T17:11:06 IST">
  <testcase classname="testCases.AllStudent_Allot_List" name="AllStudentMenu" time="5.112"/>
  <testcase classname="testCases.AllStudent_Allot_List" name="VerifyTotalSem1" time="5.202"/>
  <testcase classname="testCases.AllStudent_Allot_List" name="VerifyTotalSem2" time="5.209"/>
  <testcase classname="testCases.AllStudent_Allot_List" name="VerifyBothSemTotal" time="5.176"/>
  <testcase classname="testCases.AllStudent_Allot_List" name="VerifyFirstRow" time="5.157"/>
  <testcase classname="testCases.AllStudent_Allot_List" name="VerifySecondRow" time="5.16"/>
  <testcase classname="testCases.AllStudent_Allot_List" name="VerifyThirdRow" time="5.16"/>
  <testcase classname="testCases.AllStudent_Allot_List" name="VerifyFourthRow" time="5.682"/>
  <testcase classname="testCases.AllStudent_Allot_List" name="SelectPilani" time="24.25"/>
  <testcase classname="testCases.AllStudent_Allot_List" name="SelectHyderabad" time="31.529"/>
  <testcase classname="testCases.AllStudent_Allot_List" name="SelectGoa" time="23.465"/>
</testsuite> <!-- Allotment Role All Allotment Student List Test Cases -->
