<?xml version="1.0" encoding="UTF-8"?>
<!-- Generated by org.testng.reporters.JUnitXMLReporter -->
<testsuite ignored="0" hostname="PIL-L-L-21-032" failures="0" tests="6" name="Allotment Role Suggest Station List Test Cases" time="52.114" errors="0" timestamp="2021-07-22T17:06:20 IST">
  <testcase classname="testCases.AllotSuggest_Station_List" name="StationMenu" time="2.986"/>
  <testcase classname="testCases.AllotSuggest_Station_List" name="Verifysort" time="5.413"/>
  <testcase classname="testCases.AllotSuggest_Station_List" name="VerifyInvalidSearch" time="4.46"/>
  <testcase classname="testCases.AllotSuggest_Station_List" name="VerifyValidSearchStation" time="13.132"/>
  <testcase classname="testCases.AllotSuggest_Station_List" name="VerifyBDomain" time="12.854"/>
  <testcase classname="testCases.AllotSuggest_Station_List" name="VerifyParentCompany" time="13.252"/>
</testsuite> <!-- Allotment Role Suggest Station List Test Cases -->
