<?xml version="1.0" encoding="UTF-8"?>
<!-- Generated by org.testng.reporters.JUnitXMLReporter -->
<testsuite ignored="2" hostname="PIL-L-L-21-032" failures="0" tests="2" name="Login Authentication Test Cases" time="8.605" errors="0" timestamp="2021-08-03T13:25:21 IST">
  <testcase classname="testCases.Login" name="ValidUserandinvalidPass" time="0.058"/>
  <testcase classname="testCases.Login" name="ValidUserIdandPassword" time="8.495"/>
  <testcase classname="testCases.Login" name="invalidUserandvalidPassword" time="0.0">
    <ignored/>
  </testcase> <!-- invalidUserandvalidPassword -->
  <testcase classname="testCases.Login" name="invalidUserandPassword" time="0.0">
    <ignored/>
  </testcase> <!-- invalidUserandPassword -->
</testsuite> <!-- Login Authentication Test Cases -->
