<?xml version="1.0" encoding="UTF-8"?>
<!-- Generated by org.testng.reporters.JUnitXMLReporter -->
<testsuite ignored="0" hostname="PIL-L-L-21-032" failures="0" tests="6" name="Manage Faculty Detail Test Cases" time="137.002" errors="0" timestamp="2021-07-21T10:19:11 IST">
  <testcase classname="testCases.ManageFaculty_Detail" name="ClickAddMFaculty" time="4.63"/>
  <testcase classname="testCases.ManageFaculty_Detail" name="AddMFacultyValidation" time="10.367"/>
  <testcase classname="testCases.ManageFaculty_Detail" name="AddNewFaculty" time="52.763"/>
  <testcase classname="testCases.ManageFaculty_Detail" name="VerifyNewFacultyList" time="8.6"/>
  <testcase classname="testCases.ManageFaculty_Detail" name="OpenEditFaculty" time="48.219"/>
  <testcase classname="testCases.ManageFaculty_Detail" name="VerifyEditFacultyList" time="12.414"/>
</testsuite> <!-- Manage Faculty Detail Test Cases -->
