<?xml version="1.0" encoding="UTF-8"?>
<!-- Generated by org.testng.reporters.JUnitXMLReporter -->
<testsuite ignored="0" hostname="PIL-L-L-21-032" failures="0" tests="6" name="Planning Role Suggest Station List Test Cases" time="60.052" errors="0" timestamp="2021-07-22T16:47:10 IST">
  <testcase classname="testCases.PlanSuggest_Station_List" name="StationMenu" time="2.631"/>
  <testcase classname="testCases.PlanSuggest_Station_List" name="Verifysort" time="5.31"/>
  <testcase classname="testCases.PlanSuggest_Station_List" name="VerifyInvalidSearch" time="4.216"/>
  <testcase classname="testCases.PlanSuggest_Station_List" name="VerifyValidSearchStation" time="14.575"/>
  <testcase classname="testCases.PlanSuggest_Station_List" name="VerifyBDomain" time="16.558"/>
  <testcase classname="testCases.PlanSuggest_Station_List" name="VerifyParentCompany" time="16.756"/>
</testsuite> <!-- Planning Role Suggest Station List Test Cases -->
