<?xml version="1.0" encoding="UTF-8"?>
<!-- Generated by org.testng.reporters.JUnitXMLReporter -->
<testsuite ignored="0" hostname="PIL-L-L-21-032" failures="0" tests="11" name="Planning Role Suggest Station Detail Test Cases" time="165.118" errors="0" timestamp="2021-07-22T16:49:55 IST">
  <testcase classname="testCases.PlanSuggest_Station_Detail" name="StationMenu" time="2.929"/>
  <testcase classname="testCases.PlanSuggest_Station_Detail" name="AddStation" time="2.242"/>
  <testcase classname="testCases.PlanSuggest_Station_Detail" name="AddValidation" time="12.434"/>
  <testcase classname="testCases.PlanSuggest_Station_Detail" name="VerifyExpand" time="4.451"/>
  <testcase classname="testCases.PlanSuggest_Station_Detail" name="VerifyAddStation" time="42.57"/>
  <testcase classname="testCases.PlanSuggest_Station_Detail" name="VerifyAddedStation" time="10.426"/>
  <testcase classname="testCases.PlanSuggest_Station_Detail" name="OpenEditStation" time="55.453"/>
  <testcase classname="testCases.PlanSuggest_Station_Detail" name="VerifyEditStationList" time="8.395"/>
  <testcase classname="testCases.PlanSuggest_Station_Detail" name="ClickDelete" time="14.407"/>
  <testcase classname="testCases.PlanSuggest_Station_Detail" name="VerifyDelete" time="6.837"/>
  <testcase classname="testCases.PlanSuggest_Station_Detail" name="Signout" time="4.961"/>
</testsuite> <!-- Planning Role Suggest Station Detail Test Cases -->
