<?xml version="1.0" encoding="UTF-8"?>
<!-- Generated by org.testng.reporters.JUnitXMLReporter -->
<testsuite ignored="0" hostname="PIL-L-L-21-032" failures="0" tests="6" name="Problem Bank List Test Cases" time="53.693" errors="0" timestamp="2021-07-22T16:34:59 IST">
  <testcase classname="testCases.ProblemBank_List" name="ProblemBankMenu" time="2.299"/>
  <testcase classname="testCases.ProblemBank_List" name="Verifysort" time="3.178"/>
  <testcase classname="testCases.ProblemBank_List" name="VerifyInvalidSearch" time="6.423"/>
  <testcase classname="testCases.ProblemBank_List" name="VerifyValidSearchStation" time="10.499"/>
  <testcase classname="testCases.ProblemBank_List" name="VerifyCity" time="14.538"/>
  <testcase classname="testCases.ProblemBank_List" name="VerifyBDomain" time="16.745"/>
</testsuite> <!-- Problem Bank List Test Cases -->
