<?xml version="1.0" encoding="UTF-8"?>
<!-- Generated by org.testng.reporters.JUnitXMLReporter -->
<testsuite ignored="0" hostname="PIL-L-L-21-032" failures="0" tests="5" name="Semester Allocation List Test Cases" time="49.5" errors="0" timestamp="2021-07-22T16:34:05 IST">
  <testcase classname="testCases.Semester_Allotment_List" name="SemAllotMenu" time="2.077"/>
  <testcase classname="testCases.Semester_Allotment_List" name="Verifysort" time="8.615"/>
  <testcase classname="testCases.Semester_Allotment_List" name="VerifyInvalidSearch" time="6.577"/>
  <testcase classname="testCases.Semester_Allotment_List" name="VerifyValidSearchAllot" time="15.124"/>
  <testcase classname="testCases.Semester_Allotment_List" name="VerifyValidSearchID" time="17.098"/>
</testsuite> <!-- Semester Allocation List Test Cases -->
