<?xml version="1.0" encoding="UTF-8"?>
<!-- Generated by org.testng.reporters.JUnitXMLReporter -->
<testsuite ignored="0" hostname="PIL-L-L-21-032" failures="0" tests="6" name="Student Role Suggest Station List Test Cases" time="50.146" errors="0" timestamp="2021-08-03T13:30:00 IST">
  <testcase classname="testCases.StudentSuggest_Station_List" name="StationMenu" time="2.316"/>
  <testcase classname="testCases.StudentSuggest_Station_List" name="Verifysort" time="5.338"/>
  <testcase classname="testCases.StudentSuggest_Station_List" name="VerifyInvalidSearch" time="4.29"/>
  <testcase classname="testCases.StudentSuggest_Station_List" name="VerifyValidSearchStation" time="12.6"/>
  <testcase classname="testCases.StudentSuggest_Station_List" name="VerifyBDomain" time="12.621"/>
  <testcase classname="testCases.StudentSuggest_Station_List" name="VerifyParentCompany" time="12.97"/>
</testsuite> <!-- Student Role Suggest Station List Test Cases -->
