<?xml version="1.0" encoding="UTF-8"?>
<!-- Generated by org.testng.reporters.JUnitXMLReporter -->
<testsuite ignored="0" hostname="PIL-L-L-21-032" failures="0" tests="12" name="Student Course Test Cases" time="113.255" errors="0" timestamp="2021-07-21T10:21:04 IST">
  <testcase classname="testCases.Student_Course_List" name="ManageStudentMenu" time="4.321"/>
  <testcase classname="testCases.Student_Course_List" name="Verifysort" time="7.438"/>
  <testcase classname="testCases.Student_Course_List" name="VerifyInvalidSearch" time="4.241"/>
  <testcase classname="testCases.Student_Course_List" name="VerifyValidSearchStudent" time="12.473"/>
  <testcase classname="testCases.Student_Course_List" name="VerifyDescription" time="10.322"/>
  <testcase classname="testCases.Student_Course_List" name="VerifySubject" time="10.329"/>
  <testcase classname="testCases.Student_Course_List" name="UploadValidation" time="12.374"/>
  <testcase classname="testCases.Student_Course_List" name="UploadValidStudent" time="14.286"/>
  <testcase classname="testCases.Student_Course_List" name="VerifyUploadedrecord" time="8.368"/>
  <testcase classname="testCases.Student_Course_List" name="ClickDelete" time="14.516"/>
  <testcase classname="testCases.Student_Course_List" name="VerifyDelete" time="12.493"/>
  <testcase classname="testCases.Student_Course_List" name="VerifyExport" time="2.077"/>
</testsuite> <!-- Student Course Test Cases -->
