<?xml version="1.0" encoding="UTF-8"?>
<!-- Generated by org.testng.reporters.JUnitXMLReporter -->
<testsuite ignored="0" hostname="PIL-L-L-21-032" failures="0" tests="14" name="Student Role Profile Detail Test Cases" time="229.029" errors="0" timestamp="2021-08-03T13:29:10 IST">
  <testcase classname="testCases.Student_Profile_Detail" name="ProfileMenu" time="2.388"/>
  <testcase classname="testCases.Student_Profile_Detail" name="VerifyUploadPic" time="14.778"/>
  <testcase classname="testCases.Student_Profile_Detail" name="VerifyPersonalInfo" time="68.688"/>
  <testcase classname="testCases.Student_Profile_Detail" name="ViewBioData" time="12.69"/>
  <testcase classname="testCases.Student_Profile_Detail" name="AddAcademic" time="30.065"/>
  <testcase classname="testCases.Student_Profile_Detail" name="DeleteAcademic" time="4.554"/>
  <testcase classname="testCases.Student_Profile_Detail" name="AgainAcademic" time="22.359"/>
  <testcase classname="testCases.Student_Profile_Detail" name="MandatoryCheck" time="14.426"/>
  <testcase classname="testCases.Student_Profile_Detail" name="AddBioData" time="14.946"/>
  <testcase classname="testCases.Student_Profile_Detail" name="SortVCList" time="12.746"/>
  <testcase classname="testCases.Student_Profile_Detail" name="VCInvalidCheck" time="6.573"/>
  <testcase classname="testCases.Student_Profile_Detail" name="VerifyDesSearch" time="6.812"/>
  <testcase classname="testCases.Student_Profile_Detail" name="VerifySubjectSearch" time="8.72"/>
  <testcase classname="testCases.Student_Profile_Detail" name="VerifyResume" time="9.248"/>
</testsuite> <!-- Student Role Profile Detail Test Cases -->
