<?xml version="1.0" encoding="UTF-8"?>
<!-- Generated by org.testng.reporters.JUnitXMLReporter -->
<testsuite ignored="0" hostname="PIL-L-L-21-032" failures="0" tests="3" name="Student Role Semester Allotment List Test Cases" time="33.47" errors="0" timestamp="2021-08-03T13:07:19 IST">
  <testcase classname="testCases.StudentRoleSem_Allot_List" name="SemAllotMenu" time="2.37"/>
  <testcase classname="testCases.StudentRoleSem_Allot_List" name="clickEditGrievance" time="12.422"/>
  <testcase classname="testCases.StudentRoleSem_Allot_List" name="UpdateGrievance" time="18.666"/>
</testsuite> <!-- Student Role Semester Allotment List Test Cases -->
