<?xml version="1.0" encoding="UTF-8"?>
<!-- Generated by org.testng.reporters.JUnitXMLReporter -->
<testsuite ignored="0" hostname="PIL-L-L-21-032" failures="0" tests="16" name="Student Data Test Cases" time="156.213" errors="0" timestamp="2021-07-21T10:23:40 IST">
  <testcase classname="testCases.Student_Data_List" name="StudentDataMenu" time="4.311"/>
  <testcase classname="testCases.Student_Data_List" name="Verifysort" time="3.207"/>
  <testcase classname="testCases.Student_Data_List" name="VerifyInvalidSearch" time="4.222"/>
  <testcase classname="testCases.Student_Data_List" name="VerifyValidSearchStudent" time="12.445"/>
  <testcase classname="testCases.Student_Data_List" name="VerifyCampusID" time="10.388"/>
  <testcase classname="testCases.Student_Data_List" name="VerifyCampusName" time="10.368"/>
  <testcase classname="testCases.Student_Data_List" name="UploadValidation" time="12.461"/>
  <testcase classname="testCases.Student_Data_List" name="UploadValidStudent" time="17.818"/>
  <testcase classname="testCases.Student_Data_List" name="VerifyUploadedrecord" time="12.564"/>
  <testcase classname="testCases.Student_Data_List" name="ClickInactive" time="14.561"/>
  <testcase classname="testCases.Student_Data_List" name="VerifyInactive" time="6.227"/>
  <testcase classname="testCases.Student_Data_List" name="ClickActive" time="14.483"/>
  <testcase classname="testCases.Student_Data_List" name="VerifyActive" time="6.227"/>
  <testcase classname="testCases.Student_Data_List" name="ClickDelete" time="14.481"/>
  <testcase classname="testCases.Student_Data_List" name="VerifyDelete" time="8.267"/>
  <testcase classname="testCases.Student_Data_List" name="VerifyExport" time="4.164"/>
</testsuite> <!-- Student Data Test Cases -->
