<?xml version="1.0" encoding="UTF-8"?>
<!-- Generated by org.testng.reporters.JUnitXMLReporter -->
<testsuite ignored="0" hostname="PIL-L-L-21-032" failures="0" tests="10" name="Student Role Suggest Station Detail Test Cases" time="161.435" errors="0" timestamp="2021-08-03T13:32:42 IST">
  <testcase classname="testCases.StudentSuggest_Station_Detail" name="StationMenu" time="2.807"/>
  <testcase classname="testCases.StudentSuggest_Station_Detail" name="AddStation" time="2.281"/>
  <testcase classname="testCases.StudentSuggest_Station_Detail" name="AddValidation" time="12.502"/>
  <testcase classname="testCases.StudentSuggest_Station_Detail" name="VerifyExpand" time="4.311"/>
  <testcase classname="testCases.StudentSuggest_Station_Detail" name="VerifyAddStation" time="43.29"/>
  <testcase classname="testCases.StudentSuggest_Station_Detail" name="VerifyAddedStation" time="10.52"/>
  <testcase classname="testCases.StudentSuggest_Station_Detail" name="OpenEditStation" time="56.052"/>
  <testcase classname="testCases.StudentSuggest_Station_Detail" name="VerifyEditStationList" time="8.545"/>
  <testcase classname="testCases.StudentSuggest_Station_Detail" name="ClickDelete" time="14.538"/>
  <testcase classname="testCases.StudentSuggest_Station_Detail" name="VerifyDelete" time="6.569"/>
</testsuite> <!-- Student Role Suggest Station Detail Test Cases -->
