<?xml version="1.0" encoding="UTF-8"?>
<!-- Generated by org.testng.reporters.JUnitXMLReporter -->
<testsuite ignored="0" hostname="PIL-L-L-21-032" failures="0" tests="6" name="Suggest Station List Test Cases" time="75.102" errors="0" timestamp="2021-07-21T10:41:21 IST">
  <testcase classname="testCases.Suggest_Station_List" name="StationMenu" time="16.646"/>
  <testcase classname="testCases.Suggest_Station_List" name="Verifysort" time="5.336"/>
  <testcase classname="testCases.Suggest_Station_List" name="VerifyInvalidSearch" time="4.308"/>
  <testcase classname="testCases.Suggest_Station_List" name="VerifyValidSearchStation" time="14.912"/>
  <testcase classname="testCases.Suggest_Station_List" name="VerifyBDomain" time="16.836"/>
  <testcase classname="testCases.Suggest_Station_List" name="VerifyParentCompany" time="17.055"/>
</testsuite> <!-- Suggest Station List Test Cases -->
