<?xml version="1.0" encoding="UTF-8"?>
<!-- Generated by org.testng.reporters.JUnitXMLReporter -->
<testsuite ignored="0" hostname="PIL-L-L-21-032" failures="0" tests="11" name="Suggest Station Detail Test Cases" time="174.579" errors="0" timestamp="2021-07-21T10:44:16 IST">
  <testcase classname="testCases.Suggest_Station_Detail" name="StationMenu" time="2.768"/>
  <testcase classname="testCases.Suggest_Station_Detail" name="AddStation" time="12.594"/>
  <testcase classname="testCases.Suggest_Station_Detail" name="AddValidation" time="12.448"/>
  <testcase classname="testCases.Suggest_Station_Detail" name="VerifyExpand" time="4.313"/>
  <testcase classname="testCases.Suggest_Station_Detail" name="VerifyAddStation" time="42.442"/>
  <testcase classname="testCases.Suggest_Station_Detail" name="VerifyAddedStation" time="10.452"/>
  <testcase classname="testCases.Suggest_Station_Detail" name="OpenEditStation" time="55.407"/>
  <testcase classname="testCases.Suggest_Station_Detail" name="VerifyEditStationList" time="8.397"/>
  <testcase classname="testCases.Suggest_Station_Detail" name="ClickDelete" time="14.493"/>
  <testcase classname="testCases.Suggest_Station_Detail" name="VerifyDelete" time="6.441"/>
  <testcase classname="testCases.Suggest_Station_Detail" name="Signout" time="4.808"/>
</testsuite> <!-- Suggest Station Detail Test Cases -->
