<?xml version="1.0" encoding="UTF-8"?>
<testng-results ignored="2" total="7" passed="5" failed="0" skipped="0">
  <reporter-output>
  </reporter-output>
  <suite started-at="2021-08-03T13:06:38 IST" name="BITS suite" finished-at="2021-08-03T13:07:19 IST" duration-ms="41475">
    <groups>
    </groups>
    <test started-at="2021-08-03T13:06:38 IST" name="Login Authentication Test Cases" finished-at="2021-08-03T13:06:46 IST" duration-ms="7984">
      <class name="testCases.Login">
        <test-method signature="ValidUserandinvalidPass()[pri:0, instance:testCases.Login@209da20d]" started-at="2021-08-03T13:06:38 IST" name="ValidUserandinvalidPass" finished-at="2021-08-03T13:06:38 IST" duration-ms="34" status="PASS">
          <reporter-output>
          </reporter-output>
        </test-method> <!-- ValidUserandinvalidPass -->
        <test-method signature="ValidUserIdandPassword()[pri:1, instance:testCases.Login@209da20d]" started-at="2021-08-03T13:06:38 IST" name="ValidUserIdandPassword" finished-at="2021-08-03T13:06:46 IST" duration-ms="7925" status="PASS">
          <reporter-output>
          </reporter-output>
        </test-method> <!-- ValidUserIdandPassword -->
      </class> <!-- testCases.Login -->
    </test> <!-- Login Authentication Test Cases -->
    <test started-at="2021-08-03T13:06:46 IST" name="Student Role Semester Allotment List Test Cases" finished-at="2021-08-03T13:07:19 IST" duration-ms="33470">
      <class name="testCases.StudentRoleSem_Allot_List">
        <test-method is-config="true" signature="launchBrowser()[pri:0, instance:testCases.StudentRoleSem_Allot_List@27462a88]" started-at="2021-08-03T13:06:27 IST" name="launchBrowser" finished-at="2021-08-03T13:06:38 IST" duration-ms="10140" status="PASS">
          <reporter-output>
          </reporter-output>
        </test-method> <!-- launchBrowser -->
        <test-method signature="SemAllotMenu()[pri:0, instance:testCases.StudentRoleSem_Allot_List@27462a88]" started-at="2021-08-03T13:06:46 IST" name="SemAllotMenu" finished-at="2021-08-03T13:06:48 IST" duration-ms="2370" status="PASS">
          <reporter-output>
          </reporter-output>
        </test-method> <!-- SemAllotMenu -->
        <test-method signature="clickEditGrievance()[pri:1, instance:testCases.StudentRoleSem_Allot_List@27462a88]" started-at="2021-08-03T13:06:48 IST" name="clickEditGrievance" finished-at="2021-08-03T13:07:00 IST" duration-ms="12422" status="PASS">
          <reporter-output>
          </reporter-output>
        </test-method> <!-- clickEditGrievance -->
        <test-method signature="UpdateGrievance()[pri:2, instance:testCases.StudentRoleSem_Allot_List@27462a88]" started-at="2021-08-03T13:07:00 IST" name="UpdateGrievance" finished-at="2021-08-03T13:07:19 IST" duration-ms="18666" status="PASS">
          <reporter-output>
          </reporter-output>
        </test-method> <!-- UpdateGrievance -->
        <test-method is-config="true" signature="tearDown()[pri:0, instance:testCases.StudentRoleSem_Allot_List@27462a88]" started-at="2021-08-03T13:07:19 IST" name="tearDown" finished-at="2021-08-03T13:07:21 IST" duration-ms="2261" status="PASS">
          <reporter-output>
          </reporter-output>
        </test-method> <!-- tearDown -->
      </class> <!-- testCases.StudentRoleSem_Allot_List -->
    </test> <!-- Student Role Semester Allotment List Test Cases -->
  </suite> <!-- BITS suite -->
</testng-results>
